Started GET "/" for 127.0.0.1 at 2025-05-22 13:35:55 +0300
  [1m[35m (2.1ms)[0m  [1m[35mCREATE TABLE "schema_migrations" ("version" varchar NOT NULL PRIMARY KEY) /*application='MesApp'*/[0m
  [1m[35m (0.3ms)[0m  [1m[35mCREATE TABLE "ar_internal_metadata" ("key" varchar NOT NULL PRIMARY KEY, "value" varchar, "created_at" datetime(6) NOT NULL, "updated_at" datetime(6) NOT NULL) /*application='MesApp'*/[0m
  [1m[36mActiveRecord::SchemaMigration Load (0.2ms)[0m  [1m[34mSELECT "schema_migrations"."version" FROM "schema_migrations" ORDER BY "schema_migrations"."version" ASC /*application='MesApp'*/[0m
Processing by Rails::WelcomeController#index as HTML
  Rendering C:/Ruby33-x64/lib/ruby/gems/3.3.0/gems/railties-8.0.2/lib/rails/templates/rails/welcome/index.html.erb
  Rendered C:/Ruby33-x64/lib/ruby/gems/3.3.0/gems/railties-8.0.2/lib/rails/templates/rails/welcome/index.html.erb (Duration: 1.2ms | GC: 0.0ms)
Completed 200 OK in 1703ms (Views: 22.7ms | ActiveRecord: 0.0ms (0 queries, 0 cached) | GC: 0.0ms)


  [1m[36mActiveRecord::InternalMetadata Load (0.4ms)[0m  [1m[34mSELECT * FROM "ar_internal_metadata" WHERE "ar_internal_metadata"."key" = 'environment' ORDER BY "ar_internal_metadata"."key" ASC LIMIT 1 /*application='MesApp'*/[0m
  [1m[36mActiveRecord::InternalMetadata Create (2.2ms)[0m  [1m[32mINSERT INTO "ar_internal_metadata" ("key", "value", "created_at", "updated_at") VALUES ('environment', 'development', '2025-05-22 10:57:23.029379', '2025-05-22 10:57:23.029383') RETURNING "key" /*application='MesApp'*/[0m
  [1m[36mActiveRecord::SchemaMigration Load (0.1ms)[0m  [1m[34mSELECT "schema_migrations"."version" FROM "schema_migrations" ORDER BY "schema_migrations"."version" ASC /*application='MesApp'*/[0m
Migrating to CreatePosts (20250522104619)
  [1m[36mTRANSACTION (0.1ms)[0m  [1m[35mBEGIN immediate TRANSACTION /*application='MesApp'*/[0m
  [1m[35m (3.8ms)[0m  [1m[35mCREATE TABLE "posts" ("id" integer PRIMARY KEY AUTOINCREMENT NOT NULL, "title" varchar, "description" varchar, "status" varchar, "created_at" datetime(6) NOT NULL, "updated_at" datetime(6) NOT NULL) /*application='MesApp'*/[0m
  [1m[36mActiveRecord::SchemaMigration Create (1.0ms)[0m  [1m[32mINSERT INTO "schema_migrations" ("version") VALUES ('20250522104619') RETURNING "version" /*application='MesApp'*/[0m
  [1m[36mTRANSACTION (0.2ms)[0m  [1m[35mCOMMIT TRANSACTION /*application='MesApp'*/[0m
  [1m[36mActiveRecord::SchemaMigration Load (0.2ms)[0m  [1m[34mSELECT "schema_migrations"."version" FROM "schema_migrations" ORDER BY "schema_migrations"."version" ASC /*application='MesApp'*/[0m
  [1m[36mActiveRecord::InternalMetadata Load (0.6ms)[0m  [1m[34mSELECT * FROM "ar_internal_metadata" WHERE "ar_internal_metadata"."key" = 'environment' ORDER BY "ar_internal_metadata"."key" ASC LIMIT 1 /*application='MesApp'*/[0m
  [1m[36mActiveRecord::SchemaMigration Load (0.1ms)[0m  [1m[34mSELECT "schema_migrations"."version" FROM "schema_migrations" ORDER BY "schema_migrations"."version" ASC /*application='MesApp'*/[0m
  [1m[36mActiveRecord::SchemaMigration Load (0.1ms)[0m  [1m[34mSELECT "schema_migrations"."version" FROM "schema_migrations" ORDER BY "schema_migrations"."version" ASC /*application='MesApp'*/[0m
Started GET "/posts" for ::1 at 2025-05-22 14:10:42 +0300
  [1m[36mActiveRecord::SchemaMigration Load (0.2ms)[0m  [1m[34mSELECT "schema_migrations"."version" FROM "schema_migrations" ORDER BY "schema_migrations"."version" ASC /*application='MesApp'*/[0m
Processing by PostsController#index as HTML
  Rendering layout layouts/application.html.erb
  Rendering posts/index.html.erb within layouts/application
  [1m[36mPost Load (2.6ms)[0m  [1m[34mSELECT "posts".* FROM "posts" /*action='index',application='MesApp',controller='posts'*/[0m
  ↳ app/views/posts/index.html.erb:8
  Rendered posts/index.html.erb within layouts/application (Duration: 11.9ms | GC: 0.0ms)
  Rendered layout layouts/application.html.erb (Duration: 25.4ms | GC: 0.0ms)
Completed 500 Internal Server Error in 1712ms (ActiveRecord: 4.2ms (1 query, 0 cached) | GC: 0.0ms)


  
ActionView::SyntaxErrorInTemplate (Encountered a syntax error while rendering template: check <!DOCTYPE html>
<html>
  <head>
    <title><%= content_for(:title)  "Todo View" %></title>
    <meta name="viewport" content="width=device-width,initial-scale=1">
    <meta name="apple-mobile-web-app-capable" content="yes">
    <meta name="mobile-web-app-capable" content="yes">
    <%= csrf_meta_tags %>
    <%= csp_meta_tag %>

    <%= yield :head %>

    <%# Enable PWA manifest for installable apps (make sure to enable in config/routes.rb too!) %>
    <%#= tag.link rel: "manifest", href: pwa_manifest_path(format: :json) %>

    <link rel="icon" href="/icon.png" type="image/png">
    <link rel="icon" href="/icon.svg" type="image/svg+xml">
    <link rel="apple-touch-icon" href="/icon.png">

    <%# Includes all stylesheet files in app/assets/stylesheets %>
    <%= stylesheet_link_tag :app, "data-turbo-track": "reload" %>
  </head>

  <body>
    <h1>Todo Application</h1>
    <header>
      <% current_hour = Time.current.hour %>
      <% greeting =
        if current_hour >= 5 && current_hour < 12
          "Good morning!"
        elsif current_hour >= 12 && current_hour < 17
          "Good afternoon!"
        elsif current_hour >= 17 && current_hour < 21
          "Good evening!"
        else
          "Good night!"
        end
      %>
      <p><%= greeting %></p>
      <p>You've visited <%= session[:visit_count] %> times (total)</p>
      <% 
        page_key = "page_visits_#{request.path}"
        session[page_key] = 0
        session[page_key] += 1
      %>
      <p>Visits to this page (<%= request.path %>): <%= session[page_key] %></p>
      <% if session[:last_visited].present? %>
        <% time_ago = time_ago_in_words(session[:last_visited]) %>
        <p>Last visited: <%= time_ago %> ago</p>
      <% else %>
        <p>This is your first visit!</p>
      <% end %>
    </header>
    <%= yield %>
  </body>
</html>
)
Caused by: ActiveSupport::SyntaxErrorProxy (C:/Users/Estifanos w/mes/mes_app/app/views/layouts/application.html.erb:4: syntax error, unexpected string literal, expecting ')'
...append=( content_for(:title)  "Todo View" ); @output_buffer....
...                              ^
)

Information for: ActionView::SyntaxErrorInTemplate (Encountered a syntax error while rendering template: check <!DOCTYPE html>
<html>
  <head>
    <title><%= content_for(:title)  "Todo View" %></title>
    <meta name="viewport" content="width=device-width,initial-scale=1">
    <meta name="apple-mobile-web-app-capable" content="yes">
    <meta name="mobile-web-app-capable" content="yes">
    <%= csrf_meta_tags %>
    <%= csp_meta_tag %>

    <%= yield :head %>

    <%# Enable PWA manifest for installable apps (make sure to enable in config/routes.rb too!) %>
    <%#= tag.link rel: "manifest", href: pwa_manifest_path(format: :json) %>

    <link rel="icon" href="/icon.png" type="image/png">
    <link rel="icon" href="/icon.svg" type="image/svg+xml">
    <link rel="apple-touch-icon" href="/icon.png">

    <%# Includes all stylesheet files in app/assets/stylesheets %>
    <%= stylesheet_link_tag :app, "data-turbo-track": "reload" %>
  </head>

  <body>
    <h1>Todo Application</h1>
    <header>
      <% current_hour = Time.current.hour %>
      <% greeting =
        if current_hour >= 5 && current_hour < 12
          "Good morning!"
        elsif current_hour >= 12 && current_hour < 17
          "Good afternoon!"
        elsif current_hour >= 17 && current_hour < 21
          "Good evening!"
        else
          "Good night!"
        end
      %>
      <p><%= greeting %></p>
      <p>You've visited <%= session[:visit_count] %> times (total)</p>
      <% 
        page_key = "page_visits_#{request.path}"
        session[page_key] = 0
        session[page_key] += 1
      %>
      <p>Visits to this page (<%= request.path %>): <%= session[page_key] %></p>
      <% if session[:last_visited].present? %>
        <% time_ago = time_ago_in_words(session[:last_visited]) %>
        <p>Last visited: <%= time_ago %> ago</p>
      <% else %>
        <p>This is your first visit!</p>
      <% end %>
    </header>
    <%= yield %>
  </body>
</html>
):
1:    <!DOCTYPE html>
2:    <html>
3:      <head>
4:        <title><%= content_for(:title)  "Todo View" %></title>
5:        <meta name="viewport" content="width=device-width,initial-scale=1">
6:        <meta name="apple-mobile-web-app-capable" content="yes">
7:        <meta name="mobile-web-app-capable" content="yes">
8:        <%= csrf_meta_tags %>
9:        <%= csp_meta_tag %>
10:    
11:        <%= yield :head %>
12:    
13:        <%# Enable PWA manifest for installable apps (make sure to enable in config/routes.rb too!) %>
14:        <%#= tag.link rel: "manifest", href: pwa_manifest_path(format: :json) %>
15:    
16:        <link rel="icon" href="/icon.png" type="image/png">
17:        <link rel="icon" href="/icon.svg" type="image/svg+xml">
18:        <link rel="apple-touch-icon" href="/icon.png">
19:    
20:        <%# Includes all stylesheet files in app/assets/stylesheets %>
21:        <%= stylesheet_link_tag :app, "data-turbo-track": "reload" %>
22:      </head>
23:    
24:      <body>
25:        <h1>Todo Application</h1>
26:        <header>
27:          <% current_hour = Time.current.hour %>
28:          <% greeting =
29:            if current_hour >= 5 && current_hour < 12
30:              "Good morning!"
31:            elsif current_hour >= 12 && current_hour < 17
32:              "Good afternoon!"
33:            elsif current_hour >= 17 && current_hour < 21
34:              "Good evening!"
35:            else
36:              "Good night!"
37:            end
38:          %>
39:          <p><%= greeting %></p>
40:          <p>You've visited <%= session[:visit_count] %> times (total)</p>
41:          <% 
42:            page_key = "page_visits_#{request.path}"
43:            session[page_key] = 0
44:            session[page_key] += 1
45:          %>
46:          <p>Visits to this page (<%= request.path %>): <%= session[page_key] %></p>
47:          <% if session[:last_visited].present? %>
48:            <% time_ago = time_ago_in_words(session[:last_visited]) %>
49:            <p>Last visited: <%= time_ago %> ago</p>
50:          <% else %>
51:            <p>This is your first visit!</p>
52:          <% end %>
53:        </header>
54:        <%= yield %>
55:      </body>
56:    </html>
  
app/views/layouts/application.html.erb:4: syntax error, unexpected string literal, expecting ')'

Information for cause: ActiveSupport::SyntaxErrorProxy (C:/Users/Estifanos w/mes/mes_app/app/views/layouts/application.html.erb:4: syntax error, unexpected string literal, expecting ')'
...append=( content_for(:title)  "Todo View" ); @output_buffer....
...                              ^
):
  
app/views/layouts/application.html.erb:4: syntax error, unexpected string literal, expecting ')'
Started GET "/favicon.ico" for ::1 at 2025-05-22 14:10:46 +0300
  
ActionController::RoutingError (No route matches [GET] "/favicon.ico"):
  
Started GET "/" for ::1 at 2025-05-22 14:11:08 +0300
Processing by Rails::WelcomeController#index as HTML
  Rendering C:/Ruby33-x64/lib/ruby/gems/3.3.0/gems/railties-8.0.2/lib/rails/templates/rails/welcome/index.html.erb
  Rendered C:/Ruby33-x64/lib/ruby/gems/3.3.0/gems/railties-8.0.2/lib/rails/templates/rails/welcome/index.html.erb (Duration: 2.0ms | GC: 0.0ms)
Completed 200 OK in 2222ms (Views: 4.0ms | ActiveRecord: 0.0ms (0 queries, 0 cached) | GC: 0.0ms)


Started GET "/posts" for ::1 at 2025-05-22 14:11:24 +0300
Processing by PostsController#index as HTML
  Rendering layout layouts/application.html.erb
  Rendering posts/index.html.erb within layouts/application
  [1m[36mPost Load (0.1ms)[0m  [1m[34mSELECT "posts".* FROM "posts" /*action='index',application='MesApp',controller='posts'*/[0m
  ↳ app/views/posts/index.html.erb:8
  Rendered posts/index.html.erb within layouts/application (Duration: 6.2ms | GC: 0.0ms)
  Rendered layout layouts/application.html.erb (Duration: 11.3ms | GC: 0.0ms)
Completed 500 Internal Server Error in 1698ms (ActiveRecord: 0.1ms (1 query, 0 cached) | GC: 0.0ms)


  
ActionView::SyntaxErrorInTemplate (Encountered a syntax error while rendering template: check <!DOCTYPE html>
<html>
  <head>
    <title><%= content_for(:title)  "Todo View" %></title>
    <meta name="viewport" content="width=device-width,initial-scale=1">
    <meta name="apple-mobile-web-app-capable" content="yes">
    <meta name="mobile-web-app-capable" content="yes">
    <%= csrf_meta_tags %>
    <%= csp_meta_tag %>

    <%= yield :head %>

    <%# Enable PWA manifest for installable apps (make sure to enable in config/routes.rb too!) %>
    <%#= tag.link rel: "manifest", href: pwa_manifest_path(format: :json) %>

    <link rel="icon" href="/icon.png" type="image/png">
    <link rel="icon" href="/icon.svg" type="image/svg+xml">
    <link rel="apple-touch-icon" href="/icon.png">

    <%# Includes all stylesheet files in app/assets/stylesheets %>
    <%= stylesheet_link_tag :app, "data-turbo-track": "reload" %>
  </head>

  <body>
    <h1>Todo Application</h1>
    <header>
      <% current_hour = Time.current.hour %>
      <% greeting =
        if current_hour >= 5 && current_hour < 12
          "Good morning!"
        elsif current_hour >= 12 && current_hour < 17
          "Good afternoon!"
        elsif current_hour >= 17 && current_hour < 21
          "Good evening!"
        else
          "Good night!"
        end
      %>
      <p><%= greeting %></p>
      <p>You've visited <%= session[:visit_count] %> times (total)</p>
      <% 
        page_key = "page_visits_#{request.path}"
        session[page_key] = 0
        session[page_key] += 1
      %>
      <p>Visits to this page (<%= request.path %>): <%= session[page_key] %></p>
      <% if session[:last_visited].present? %>
        <% time_ago = time_ago_in_words(session[:last_visited]) %>
        <p>Last visited: <%= time_ago %> ago</p>
      <% else %>
        <p>This is your first visit!</p>
      <% end %>
    </header>
    <%= yield %>
  </body>
</html>
)
Caused by: ActiveSupport::SyntaxErrorProxy (C:/Users/Estifanos w/mes/mes_app/app/views/layouts/application.html.erb:4: syntax error, unexpected string literal, expecting ')'
...append=( content_for(:title)  "Todo View" ); @output_buffer....
...                              ^
)

Information for: ActionView::SyntaxErrorInTemplate (Encountered a syntax error while rendering template: check <!DOCTYPE html>
<html>
  <head>
    <title><%= content_for(:title)  "Todo View" %></title>
    <meta name="viewport" content="width=device-width,initial-scale=1">
    <meta name="apple-mobile-web-app-capable" content="yes">
    <meta name="mobile-web-app-capable" content="yes">
    <%= csrf_meta_tags %>
    <%= csp_meta_tag %>

    <%= yield :head %>

    <%# Enable PWA manifest for installable apps (make sure to enable in config/routes.rb too!) %>
    <%#= tag.link rel: "manifest", href: pwa_manifest_path(format: :json) %>

    <link rel="icon" href="/icon.png" type="image/png">
    <link rel="icon" href="/icon.svg" type="image/svg+xml">
    <link rel="apple-touch-icon" href="/icon.png">

    <%# Includes all stylesheet files in app/assets/stylesheets %>
    <%= stylesheet_link_tag :app, "data-turbo-track": "reload" %>
  </head>

  <body>
    <h1>Todo Application</h1>
    <header>
      <% current_hour = Time.current.hour %>
      <% greeting =
        if current_hour >= 5 && current_hour < 12
          "Good morning!"
        elsif current_hour >= 12 && current_hour < 17
          "Good afternoon!"
        elsif current_hour >= 17 && current_hour < 21
          "Good evening!"
        else
          "Good night!"
        end
      %>
      <p><%= greeting %></p>
      <p>You've visited <%= session[:visit_count] %> times (total)</p>
      <% 
        page_key = "page_visits_#{request.path}"
        session[page_key] = 0
        session[page_key] += 1
      %>
      <p>Visits to this page (<%= request.path %>): <%= session[page_key] %></p>
      <% if session[:last_visited].present? %>
        <% time_ago = time_ago_in_words(session[:last_visited]) %>
        <p>Last visited: <%= time_ago %> ago</p>
      <% else %>
        <p>This is your first visit!</p>
      <% end %>
    </header>
    <%= yield %>
  </body>
</html>
):
1:    <!DOCTYPE html>
2:    <html>
3:      <head>
4:        <title><%= content_for(:title)  "Todo View" %></title>
5:        <meta name="viewport" content="width=device-width,initial-scale=1">
6:        <meta name="apple-mobile-web-app-capable" content="yes">
7:        <meta name="mobile-web-app-capable" content="yes">
8:        <%= csrf_meta_tags %>
9:        <%= csp_meta_tag %>
10:    
11:        <%= yield :head %>
12:    
13:        <%# Enable PWA manifest for installable apps (make sure to enable in config/routes.rb too!) %>
14:        <%#= tag.link rel: "manifest", href: pwa_manifest_path(format: :json) %>
15:    
16:        <link rel="icon" href="/icon.png" type="image/png">
17:        <link rel="icon" href="/icon.svg" type="image/svg+xml">
18:        <link rel="apple-touch-icon" href="/icon.png">
19:    
20:        <%# Includes all stylesheet files in app/assets/stylesheets %>
21:        <%= stylesheet_link_tag :app, "data-turbo-track": "reload" %>
22:      </head>
23:    
24:      <body>
25:        <h1>Todo Application</h1>
26:        <header>
27:          <% current_hour = Time.current.hour %>
28:          <% greeting =
29:            if current_hour >= 5 && current_hour < 12
30:              "Good morning!"
31:            elsif current_hour >= 12 && current_hour < 17
32:              "Good afternoon!"
33:            elsif current_hour >= 17 && current_hour < 21
34:              "Good evening!"
35:            else
36:              "Good night!"
37:            end
38:          %>
39:          <p><%= greeting %></p>
40:          <p>You've visited <%= session[:visit_count] %> times (total)</p>
41:          <% 
42:            page_key = "page_visits_#{request.path}"
43:            session[page_key] = 0
44:            session[page_key] += 1
45:          %>
46:          <p>Visits to this page (<%= request.path %>): <%= session[page_key] %></p>
47:          <% if session[:last_visited].present? %>
48:            <% time_ago = time_ago_in_words(session[:last_visited]) %>
49:            <p>Last visited: <%= time_ago %> ago</p>
50:          <% else %>
51:            <p>This is your first visit!</p>
52:          <% end %>
53:        </header>
54:        <%= yield %>
55:      </body>
56:    </html>
  
app/views/layouts/application.html.erb:4: syntax error, unexpected string literal, expecting ')'

Information for cause: ActiveSupport::SyntaxErrorProxy (C:/Users/Estifanos w/mes/mes_app/app/views/layouts/application.html.erb:4: syntax error, unexpected string literal, expecting ')'
...append=( content_for(:title)  "Todo View" ); @output_buffer....
...                              ^
):
  
app/views/layouts/application.html.erb:4: syntax error, unexpected string literal, expecting ')'
Started GET "/posts" for ::1 at 2025-05-22 14:11:29 +0300
Processing by PostsController#index as HTML
  Rendering layout layouts/application.html.erb
  Rendering posts/index.html.erb within layouts/application
  [1m[36mPost Load (0.4ms)[0m  [1m[34mSELECT "posts".* FROM "posts" /*action='index',application='MesApp',controller='posts'*/[0m
  ↳ app/views/posts/index.html.erb:8
  Rendered posts/index.html.erb within layouts/application (Duration: 7.9ms | GC: 0.0ms)
  Rendered layout layouts/application.html.erb (Duration: 15.8ms | GC: 0.0ms)
Completed 500 Internal Server Error in 2115ms (ActiveRecord: 0.4ms (1 query, 0 cached) | GC: 0.0ms)


  
ActionView::SyntaxErrorInTemplate (Encountered a syntax error while rendering template: check <!DOCTYPE html>
<html>
  <head>
    <title><%= content_for(:title)  "Todo View" %></title>
    <meta name="viewport" content="width=device-width,initial-scale=1">
    <meta name="apple-mobile-web-app-capable" content="yes">
    <meta name="mobile-web-app-capable" content="yes">
    <%= csrf_meta_tags %>
    <%= csp_meta_tag %>

    <%= yield :head %>

    <%# Enable PWA manifest for installable apps (make sure to enable in config/routes.rb too!) %>
    <%#= tag.link rel: "manifest", href: pwa_manifest_path(format: :json) %>

    <link rel="icon" href="/icon.png" type="image/png">
    <link rel="icon" href="/icon.svg" type="image/svg+xml">
    <link rel="apple-touch-icon" href="/icon.png">

    <%# Includes all stylesheet files in app/assets/stylesheets %>
    <%= stylesheet_link_tag :app, "data-turbo-track": "reload" %>
  </head>

  <body>
    <h1>Todo Application</h1>
    <header>
      <% current_hour = Time.current.hour %>
      <% greeting =
        if current_hour >= 5 && current_hour < 12
          "Good morning!"
        elsif current_hour >= 12 && current_hour < 17
          "Good afternoon!"
        elsif current_hour >= 17 && current_hour < 21
          "Good evening!"
        else
          "Good night!"
        end
      %>
      <p><%= greeting %></p>
      <p>You've visited <%= session[:visit_count] %> times (total)</p>
      <% 
        page_key = "page_visits_#{request.path}"
        session[page_key] = 0
        session[page_key] += 1
      %>
      <p>Visits to this page (<%= request.path %>): <%= session[page_key] %></p>
      <% if session[:last_visited].present? %>
        <% time_ago = time_ago_in_words(session[:last_visited]) %>
        <p>Last visited: <%= time_ago %> ago</p>
      <% else %>
        <p>This is your first visit!</p>
      <% end %>
    </header>
    <%= yield %>
  </body>
</html>
)
Caused by: ActiveSupport::SyntaxErrorProxy (C:/Users/Estifanos w/mes/mes_app/app/views/layouts/application.html.erb:4: syntax error, unexpected string literal, expecting ')'
...append=( content_for(:title)  "Todo View" ); @output_buffer....
...                              ^
)

Information for: ActionView::SyntaxErrorInTemplate (Encountered a syntax error while rendering template: check <!DOCTYPE html>
<html>
  <head>
    <title><%= content_for(:title)  "Todo View" %></title>
    <meta name="viewport" content="width=device-width,initial-scale=1">
    <meta name="apple-mobile-web-app-capable" content="yes">
    <meta name="mobile-web-app-capable" content="yes">
    <%= csrf_meta_tags %>
    <%= csp_meta_tag %>

    <%= yield :head %>

    <%# Enable PWA manifest for installable apps (make sure to enable in config/routes.rb too!) %>
    <%#= tag.link rel: "manifest", href: pwa_manifest_path(format: :json) %>

    <link rel="icon" href="/icon.png" type="image/png">
    <link rel="icon" href="/icon.svg" type="image/svg+xml">
    <link rel="apple-touch-icon" href="/icon.png">

    <%# Includes all stylesheet files in app/assets/stylesheets %>
    <%= stylesheet_link_tag :app, "data-turbo-track": "reload" %>
  </head>

  <body>
    <h1>Todo Application</h1>
    <header>
      <% current_hour = Time.current.hour %>
      <% greeting =
        if current_hour >= 5 && current_hour < 12
          "Good morning!"
        elsif current_hour >= 12 && current_hour < 17
          "Good afternoon!"
        elsif current_hour >= 17 && current_hour < 21
          "Good evening!"
        else
          "Good night!"
        end
      %>
      <p><%= greeting %></p>
      <p>You've visited <%= session[:visit_count] %> times (total)</p>
      <% 
        page_key = "page_visits_#{request.path}"
        session[page_key] = 0
        session[page_key] += 1
      %>
      <p>Visits to this page (<%= request.path %>): <%= session[page_key] %></p>
      <% if session[:last_visited].present? %>
        <% time_ago = time_ago_in_words(session[:last_visited]) %>
        <p>Last visited: <%= time_ago %> ago</p>
      <% else %>
        <p>This is your first visit!</p>
      <% end %>
    </header>
    <%= yield %>
  </body>
</html>
):
1:    <!DOCTYPE html>
2:    <html>
3:      <head>
4:        <title><%= content_for(:title)  "Todo View" %></title>
5:        <meta name="viewport" content="width=device-width,initial-scale=1">
6:        <meta name="apple-mobile-web-app-capable" content="yes">
7:        <meta name="mobile-web-app-capable" content="yes">
8:        <%= csrf_meta_tags %>
9:        <%= csp_meta_tag %>
10:    
11:        <%= yield :head %>
12:    
13:        <%# Enable PWA manifest for installable apps (make sure to enable in config/routes.rb too!) %>
14:        <%#= tag.link rel: "manifest", href: pwa_manifest_path(format: :json) %>
15:    
16:        <link rel="icon" href="/icon.png" type="image/png">
17:        <link rel="icon" href="/icon.svg" type="image/svg+xml">
18:        <link rel="apple-touch-icon" href="/icon.png">
19:    
20:        <%# Includes all stylesheet files in app/assets/stylesheets %>
21:        <%= stylesheet_link_tag :app, "data-turbo-track": "reload" %>
22:      </head>
23:    
24:      <body>
25:        <h1>Todo Application</h1>
26:        <header>
27:          <% current_hour = Time.current.hour %>
28:          <% greeting =
29:            if current_hour >= 5 && current_hour < 12
30:              "Good morning!"
31:            elsif current_hour >= 12 && current_hour < 17
32:              "Good afternoon!"
33:            elsif current_hour >= 17 && current_hour < 21
34:              "Good evening!"
35:            else
36:              "Good night!"
37:            end
38:          %>
39:          <p><%= greeting %></p>
40:          <p>You've visited <%= session[:visit_count] %> times (total)</p>
41:          <% 
42:            page_key = "page_visits_#{request.path}"
43:            session[page_key] = 0
44:            session[page_key] += 1
45:          %>
46:          <p>Visits to this page (<%= request.path %>): <%= session[page_key] %></p>
47:          <% if session[:last_visited].present? %>
48:            <% time_ago = time_ago_in_words(session[:last_visited]) %>
49:            <p>Last visited: <%= time_ago %> ago</p>
50:          <% else %>
51:            <p>This is your first visit!</p>
52:          <% end %>
53:        </header>
54:        <%= yield %>
55:      </body>
56:    </html>
  
app/views/layouts/application.html.erb:4: syntax error, unexpected string literal, expecting ')'

Information for cause: ActiveSupport::SyntaxErrorProxy (C:/Users/Estifanos w/mes/mes_app/app/views/layouts/application.html.erb:4: syntax error, unexpected string literal, expecting ')'
...append=( content_for(:title)  "Todo View" ); @output_buffer....
...                              ^
):
  
app/views/layouts/application.html.erb:4: syntax error, unexpected string literal, expecting ')'
Started GET "/posts" for ::1 at 2025-05-22 14:13:07 +0300
Processing by PostsController#index as HTML
  Rendering layout layouts/application.html.erb
  Rendering posts/index.html.erb within layouts/application
  [1m[36mPost Load (2.1ms)[0m  [1m[34mSELECT "posts".* FROM "posts" /*action='index',application='MesApp',controller='posts'*/[0m
  ↳ app/views/posts/index.html.erb:8
  Rendered posts/index.html.erb within layouts/application (Duration: 9.1ms | GC: 0.0ms)
  Rendered layout layouts/application.html.erb (Duration: 75.3ms | GC: 0.0ms)
Completed 200 OK in 827ms (Views: 80.5ms | ActiveRecord: 2.1ms (1 query, 0 cached) | GC: 0.0ms)


Started GET "/assets/application-8b441ae0.css" for ::1 at 2025-05-22 14:13:08 +0300
Started GET "/assets/application-bfcdf840.js" for ::1 at 2025-05-22 14:13:08 +0300
Started GET "/assets/turbo.min-1262d735.js" for ::1 at 2025-05-22 14:13:08 +0300
Started GET "/assets/controllers/hello_controller-708796bd.js" for ::1 at 2025-05-22 14:13:09 +0300
Started GET "/assets/controllers/index-ee64e1f1.js" for ::1 at 2025-05-22 14:13:09 +0300
Started GET "/assets/stimulus.min-4b1e420e.js" for ::1 at 2025-05-22 14:13:09 +0300
Started GET "/assets/stimulus-loading-1fc53fe7.js" for ::1 at 2025-05-22 14:13:09 +0300
Started GET "/assets/controllers/application-3affb389.js" for ::1 at 2025-05-22 14:13:09 +0300
Started GET "/posts/new" for ::1 at 2025-05-22 14:13:15 +0300
Processing by PostsController#new as HTML
  Rendering layout layouts/application.html.erb
  Rendering posts/new.html.erb within layouts/application
  Rendered posts/_form.html.erb (Duration: 122.9ms | GC: 0.0ms)
  Rendered posts/new.html.erb within layouts/application (Duration: 131.3ms | GC: 0.0ms)
  Rendered layout layouts/application.html.erb (Duration: 138.7ms | GC: 0.0ms)
Completed 200 OK in 2407ms (Views: 139.7ms | ActiveRecord: 2.0ms (0 queries, 0 cached) | GC: 0.0ms)


Started POST "/posts" for ::1 at 2025-05-22 14:13:29 +0300
Processing by PostsController#create as TURBO_STREAM
  Parameters: {"authenticity_token"=>"[FILTERED]", "post"=>{"title"=>"uifkdx", "description"=>"ilgou", "status"=>"iluhgoi"}, "commit"=>"Create Post"}
  [1m[36mTRANSACTION (5.3ms)[0m  [1m[35mBEGIN immediate TRANSACTION /*action='create',application='MesApp',controller='posts'*/[0m
  ↳ app/controllers/posts_controller.rb:31:in `block in create'
  [1m[36mPost Create (13.4ms)[0m  [1m[32mINSERT INTO "posts" ("title", "description", "status", "created_at", "updated_at") VALUES ('uifkdx', 'ilgou', 'iluhgoi', '2025-05-22 11:13:32.307155', '2025-05-22 11:13:32.307155') RETURNING "id" /*action='create',application='MesApp',controller='posts'*/[0m
  ↳ app/controllers/posts_controller.rb:31:in `block in create'
  [1m[36mTRANSACTION (4.8ms)[0m  [1m[35mCOMMIT TRANSACTION /*action='create',application='MesApp',controller='posts'*/[0m
  ↳ app/controllers/posts_controller.rb:31:in `block in create'
Redirected to http://localhost:3000/posts/1
Completed 302 Found in 2395ms (ActiveRecord: 24.2ms (1 query, 0 cached) | GC: 0.0ms)


Started GET "/posts/1" for ::1 at 2025-05-22 14:13:32 +0300
Processing by PostsController#show as TURBO_STREAM
  Parameters: {"id"=>"1"}
  [1m[36mPost Load (0.3ms)[0m  [1m[34mSELECT "posts".* FROM "posts" WHERE "posts"."id" = 1 LIMIT 1 /*action='show',application='MesApp',controller='posts'*/[0m
  ↳ app/controllers/posts_controller.rb:68:in `set_post'
  Rendering layout layouts/application.html.erb
  Rendering posts/show.html.erb within layouts/application
  Rendered posts/_post.html.erb (Duration: 1.7ms | GC: 0.0ms)
  Rendered posts/show.html.erb within layouts/application (Duration: 25.0ms | GC: 0.0ms)
  Rendered layout layouts/application.html.erb (Duration: 31.2ms | GC: 0.0ms)
Completed 200 OK in 2509ms (Views: 33.7ms | ActiveRecord: 0.3ms (1 query, 0 cached) | GC: 0.0ms)


Started DELETE "/posts/1" for ::1 at 2025-05-22 14:14:15 +0300
Processing by PostsController#destroy as TURBO_STREAM
  Parameters: {"authenticity_token"=>"[FILTERED]", "id"=>"1"}
  [1m[36mPost Load (0.3ms)[0m  [1m[34mSELECT "posts".* FROM "posts" WHERE "posts"."id" = 1 LIMIT 1 /*action='destroy',application='MesApp',controller='posts'*/[0m
  ↳ app/controllers/posts_controller.rb:68:in `set_post'
  [1m[36mTRANSACTION (0.2ms)[0m  [1m[35mBEGIN immediate TRANSACTION /*action='destroy',application='MesApp',controller='posts'*/[0m
  ↳ app/controllers/posts_controller.rb:56:in `destroy'
  [1m[36mPost Destroy (22.3ms)[0m  [1m[31mDELETE FROM "posts" WHERE "posts"."id" = 1 /*action='destroy',application='MesApp',controller='posts'*/[0m
  ↳ app/controllers/posts_controller.rb:56:in `destroy'
  [1m[36mTRANSACTION (0.5ms)[0m  [1m[35mCOMMIT TRANSACTION /*action='destroy',application='MesApp',controller='posts'*/[0m
  ↳ app/controllers/posts_controller.rb:56:in `destroy'
Redirected to http://localhost:3000/posts
Completed 303 See Other in 2547ms (ActiveRecord: 22.8ms (2 queries, 0 cached) | GC: 0.0ms)


Started GET "/posts" for ::1 at 2025-05-22 14:14:18 +0300
Processing by PostsController#index as TURBO_STREAM
  Rendering layout layouts/application.html.erb
  Rendering posts/index.html.erb within layouts/application
  [1m[36mPost Load (0.3ms)[0m  [1m[34mSELECT "posts".* FROM "posts" /*action='index',application='MesApp',controller='posts'*/[0m
  ↳ app/views/posts/index.html.erb:8
  Rendered posts/index.html.erb within layouts/application (Duration: 15.3ms | GC: 0.0ms)
  Rendered layout layouts/application.html.erb (Duration: 19.1ms | GC: 0.0ms)
Completed 200 OK in 2578ms (Views: 20.1ms | ActiveRecord: 0.3ms (1 query, 0 cached) | GC: 0.0ms)


Started GET "/posts/new" for ::1 at 2025-05-22 14:17:32 +0300
  
LoadError (cannot load such file -- rails_helper):
  
app/helpers/posts_helper.rb:1:in `<main>'
app/controllers/application_controller.rb:1:in `<main>'
app/controllers/posts_controller.rb:1:in `<main>'
Started GET "/posts/new" for ::1 at 2025-05-22 14:19:24 +0300
  
LoadError (cannot load such file -- rails_helper):
  
app/helpers/posts_helper.rb:2:in `<module:PostsHelper>'
app/helpers/posts_helper.rb:1:in `<main>'
app/controllers/application_controller.rb:1:in `<main>'
app/controllers/posts_controller.rb:1:in `<main>'
Started GET "/posts/new" for ::1 at 2025-05-22 14:21:47 +0300
Processing by PostsController#new as HTML
  Rendering layout layouts/application.html.erb
  Rendering posts/new.html.erb within layouts/application
  Rendered posts/_form.html.erb (Duration: 6.5ms | GC: 0.0ms)
  Rendered posts/new.html.erb within layouts/application (Duration: 15.9ms | GC: 0.0ms)
  Rendered layout layouts/application.html.erb (Duration: 35.6ms | GC: 0.0ms)
Completed 200 OK in 780ms (Views: 44.4ms | ActiveRecord: 6.6ms (0 queries, 0 cached) | GC: 0.0ms)


Started POST "/posts" for ::1 at 2025-05-22 14:21:56 +0300
Processing by PostsController#create as TURBO_STREAM
  Parameters: {"authenticity_token"=>"[FILTERED]", "post"=>{"title"=>"hv k", "description"=>"jn;jb", "status"=>""}, "commit"=>"Create Post"}
  Rendering layout layouts/application.html.erb
  Rendering posts/new.html.erb within layouts/application
  Rendered posts/_form.html.erb (Duration: 7.3ms | GC: 0.0ms)
  Rendered posts/new.html.erb within layouts/application (Duration: 9.3ms | GC: 0.0ms)
  Rendered layout layouts/application.html.erb (Duration: 13.3ms | GC: 0.0ms)
Completed 422 Unprocessable Content in 2535ms (Views: 15.5ms | ActiveRecord: 0.0ms (0 queries, 0 cached) | GC: 0.0ms)


